[23-Mar-2017 16:29:11 UTC] PHP Parse error:  syntax error, unexpected 'echo' (T_ECHO) in /home/ubuntu/workspace/2.PHP Control Flow/Loops/1.SquareRootSum/1.SquareRootSum_frontend.php on line 13
[23-Mar-2017 16:29:11 UTC] PHP Stack trace:
[23-Mar-2017 16:29:11 UTC] PHP   1. {main}() /home/ubuntu/workspace/2.PHP Control Flow/Loops/1.SquareRootSum/1.SquareRootSum.php:0
[24-Mar-2017 21:25:20 UTC] PHP Parse error:  syntax error, unexpected '' (T_ENCAPSED_AND_WHITESPACE), expecting ']' in /home/ubuntu/workspace/2.PHP Control Flow/Loops/2.CarRandomizer/2.CarRandomizer_frontend.php on line 30
[24-Mar-2017 21:25:20 UTC] PHP Stack trace:
[24-Mar-2017 21:25:20 UTC] PHP   1. {main}() /home/ubuntu/workspace/2.PHP Control Flow/Loops/2.CarRandomizer/2.CarRandomizer.php:0
[24-Mar-2017 22:07:28 UTC] PHP Warning:  Invalid argument supplied for foreach() in /home/ubuntu/workspace/2.PHP Control Flow/Loops/4.PrimesInRange/4.PrimesInRange_frontend.php on line 19
[24-Mar-2017 22:07:28 UTC] PHP Stack trace:
[24-Mar-2017 22:07:28 UTC] PHP   1. {main}() /home/ubuntu/workspace/2.PHP Control Flow/Loops/4.PrimesInRange/4.PrimesInRange.php:0
[24-Mar-2017 22:07:28 UTC] PHP   2. include() /home/ubuntu/workspace/2.PHP Control Flow/Loops/4.PrimesInRange/4.PrimesInRange.php:8
[24-Mar-2017 22:09:08 UTC] PHP Warning:  array_push() expects parameter 1 to be array, null given in /home/ubuntu/workspace/2.PHP Control Flow/Loops/4.PrimesInRange/4.PrimesInRange.php on line 5
[24-Mar-2017 22:09:08 UTC] PHP Stack trace:
[24-Mar-2017 22:09:08 UTC] PHP   1. {main}() /home/ubuntu/workspace/2.PHP Control Flow/Loops/4.PrimesInRange/4.PrimesInRange.php:0
[24-Mar-2017 22:09:08 UTC] PHP   2. array_push() /home/ubuntu/workspace/2.PHP Control Flow/Loops/4.PrimesInRange/4.PrimesInRange.php:5
[24-Mar-2017 22:09:08 UTC] PHP Warning:  array_push() expects parameter 1 to be array, null given in /home/ubuntu/workspace/2.PHP Control Flow/Loops/4.PrimesInRange/4.PrimesInRange.php on line 5
[24-Mar-2017 22:09:08 UTC] PHP Stack trace:
[24-Mar-2017 22:09:08 UTC] PHP   1. {main}() /home/ubuntu/workspace/2.PHP Control Flow/Loops/4.PrimesInRange/4.PrimesInRange.php:0
[24-Mar-2017 22:09:08 UTC] PHP   2. array_push() /home/ubuntu/workspace/2.PHP Control Flow/Loops/4.PrimesInRange/4.PrimesInRange.php:5
[24-Mar-2017 22:09:08 UTC] PHP Warning:  array_push() expects parameter 1 to be array, null given in /home/ubuntu/workspace/2.PHP Control Flow/Loops/4.PrimesInRange/4.PrimesInRange.php on line 5
[24-Mar-2017 22:09:08 UTC] PHP Stack trace:
[24-Mar-2017 22:09:08 UTC] PHP   1. {main}() /home/ubuntu/workspace/2.PHP Control Flow/Loops/4.PrimesInRange/4.PrimesInRange.php:0
[24-Mar-2017 22:09:08 UTC] PHP   2. array_push() /home/ubuntu/workspace/2.PHP Control Flow/Loops/4.PrimesInRange/4.PrimesInRange.php:5
[24-Mar-2017 22:09:08 UTC] PHP Warning:  array_push() expects parameter 1 to be array, null given in /home/ubuntu/workspace/2.PHP Control Flow/Loops/4.PrimesInRange/4.PrimesInRange.php on line 5
[24-Mar-2017 22:09:08 UTC] PHP Stack trace:
[24-Mar-2017 22:09:08 UTC] PHP   1. {main}() /home/ubuntu/workspace/2.PHP Control Flow/Loops/4.PrimesInRange/4.PrimesInRange.php:0
[24-Mar-2017 22:09:08 UTC] PHP   2. array_push() /home/ubuntu/workspace/2.PHP Control Flow/Loops/4.PrimesInRange/4.PrimesInRange.php:5
[24-Mar-2017 22:09:08 UTC] PHP Warning:  array_push() expects parameter 1 to be array, null given in /home/ubuntu/workspace/2.PHP Control Flow/Loops/4.PrimesInRange/4.PrimesInRange.php on line 5
[24-Mar-2017 22:09:08 UTC] PHP Stack trace:
[24-Mar-2017 22:09:08 UTC] PHP   1. {main}() /home/ubuntu/workspace/2.PHP Control Flow/Loops/4.PrimesInRange/4.PrimesInRange.php:0
[24-Mar-2017 22:09:08 UTC] PHP   2. array_push() /home/ubuntu/workspace/2.PHP Control Flow/Loops/4.PrimesInRange/4.PrimesInRange.php:5
[24-Mar-2017 22:09:08 UTC] PHP Warning:  array_push() expects parameter 1 to be array, null given in /home/ubuntu/workspace/2.PHP Control Flow/Loops/4.PrimesInRange/4.PrimesInRange.php on line 5
[24-Mar-2017 22:09:08 UTC] PHP Stack trace:
[24-Mar-2017 22:09:08 UTC] PHP   1. {main}() /home/ubuntu/workspace/2.PHP Control Flow/Loops/4.PrimesInRange/4.PrimesInRange.php:0
[24-Mar-2017 22:09:08 UTC] PHP   2. array_push() /home/ubuntu/workspace/2.PHP Control Flow/Loops/4.PrimesInRange/4.PrimesInRange.php:5
[24-Mar-2017 22:09:08 UTC] PHP Warning:  array_push() expects parameter 1 to be array, null given in /home/ubuntu/workspace/2.PHP Control Flow/Loops/4.PrimesInRange/4.PrimesInRange.php on line 5
[24-Mar-2017 22:09:08 UTC] PHP Stack trace:
[24-Mar-2017 22:09:08 UTC] PHP   1. {main}() /home/ubuntu/workspace/2.PHP Control Flow/Loops/4.PrimesInRange/4.PrimesInRange.php:0
[24-Mar-2017 22:09:08 UTC] PHP   2. array_push() /home/ubuntu/workspace/2.PHP Control Flow/Loops/4.PrimesInRange/4.PrimesInRange.php:5
[24-Mar-2017 22:09:08 UTC] PHP Warning:  array_push() expects parameter 1 to be array, null given in /home/ubuntu/workspace/2.PHP Control Flow/Loops/4.PrimesInRange/4.PrimesInRange.php on line 5
[24-Mar-2017 22:09:08 UTC] PHP Stack trace:
[24-Mar-2017 22:09:08 UTC] PHP   1. {main}() /home/ubuntu/workspace/2.PHP Control Flow/Loops/4.PrimesInRange/4.PrimesInRange.php:0
[24-Mar-2017 22:09:08 UTC] PHP   2. array_push() /home/ubuntu/workspace/2.PHP Control Flow/Loops/4.PrimesInRange/4.PrimesInRange.php:5
[24-Mar-2017 22:09:08 UTC] PHP Warning:  array_push() expects parameter 1 to be array, null given in /home/ubuntu/workspace/2.PHP Control Flow/Loops/4.PrimesInRange/4.PrimesInRange.php on line 5
[24-Mar-2017 22:09:08 UTC] PHP Stack trace:
[24-Mar-2017 22:09:08 UTC] PHP   1. {main}() /home/ubuntu/workspace/2.PHP Control Flow/Loops/4.PrimesInRange/4.PrimesInRange.php:0
[24-Mar-2017 22:09:08 UTC] PHP   2. array_push() /home/ubuntu/workspace/2.PHP Control Flow/Loops/4.PrimesInRange/4.PrimesInRange.php:5
[24-Mar-2017 22:09:08 UTC] PHP Warning:  array_push() expects parameter 1 to be array, null given in /home/ubuntu/workspace/2.PHP Control Flow/Loops/4.PrimesInRange/4.PrimesInRange.php on line 5
[24-Mar-2017 22:09:08 UTC] PHP Stack trace:
[24-Mar-2017 22:09:08 UTC] PHP   1. {main}() /home/ubuntu/workspace/2.PHP Control Flow/Loops/4.PrimesInRange/4.PrimesInRange.php:0
[24-Mar-2017 22:09:08 UTC] PHP   2. array_push() /home/ubuntu/workspace/2.PHP Control Flow/Loops/4.PrimesInRange/4.PrimesInRange.php:5
[24-Mar-2017 22:09:08 UTC] PHP Warning:  array_push() expects parameter 1 to be array, null given in /home/ubuntu/workspace/2.PHP Control Flow/Loops/4.PrimesInRange/4.PrimesInRange.php on line 5
[24-Mar-2017 22:09:08 UTC] PHP Stack trace:
[24-Mar-2017 22:09:08 UTC] PHP   1. {main}() /home/ubuntu/workspace/2.PHP Control Flow/Loops/4.PrimesInRange/4.PrimesInRange.php:0
[24-Mar-2017 22:09:08 UTC] PHP   2. array_push() /home/ubuntu/workspace/2.PHP Control Flow/Loops/4.PrimesInRange/4.PrimesInRange.php:5
[24-Mar-2017 22:09:08 UTC] PHP Warning:  array_push() expects parameter 1 to be array, null given in /home/ubuntu/workspace/2.PHP Control Flow/Loops/4.PrimesInRange/4.PrimesInRange.php on line 5
[24-Mar-2017 22:09:08 UTC] PHP Stack trace:
[24-Mar-2017 22:09:08 UTC] PHP   1. {main}() /home/ubuntu/workspace/2.PHP Control Flow/Loops/4.PrimesInRange/4.PrimesInRange.php:0
[24-Mar-2017 22:09:08 UTC] PHP   2. array_push() /home/ubuntu/workspace/2.PHP Control Flow/Loops/4.PrimesInRange/4.PrimesInRange.php:5
[24-Mar-2017 22:09:08 UTC] PHP Warning:  array_push() expects parameter 1 to be array, null given in /home/ubuntu/workspace/2.PHP Control Flow/Loops/4.PrimesInRange/4.PrimesInRange.php on line 5
[24-Mar-2017 22:09:08 UTC] PHP Stack trace:
[24-Mar-2017 22:09:08 UTC] PHP   1. {main}() /home/ubuntu/workspace/2.PHP Control Flow/Loops/4.PrimesInRange/4.PrimesInRange.php:0
[24-Mar-2017 22:09:08 UTC] PHP   2. array_push() /home/ubuntu/workspace/2.PHP Control Flow/Loops/4.PrimesInRange/4.PrimesInRange.php:5
[24-Mar-2017 22:09:08 UTC] PHP Warning:  array_push() expects parameter 1 to be array, null given in /home/ubuntu/workspace/2.PHP Control Flow/Loops/4.PrimesInRange/4.PrimesInRange.php on line 5
[24-Mar-2017 22:09:08 UTC] PHP Stack trace:
[24-Mar-2017 22:09:08 UTC] PHP   1. {main}() /home/ubuntu/workspace/2.PHP Control Flow/Loops/4.PrimesInRange/4.PrimesInRange.php:0
[24-Mar-2017 22:09:08 UTC] PHP   2. array_push() /home/ubuntu/workspace/2.PHP Control Flow/Loops/4.PrimesInRange/4.PrimesInRange.php:5
[24-Mar-2017 22:09:08 UTC] PHP Warning:  array_push() expects parameter 1 to be array, null given in /home/ubuntu/workspace/2.PHP Control Flow/Loops/4.PrimesInRange/4.PrimesInRange.php on line 5
[24-Mar-2017 22:09:08 UTC] PHP Stack trace:
[24-Mar-2017 22:09:08 UTC] PHP   1. {main}() /home/ubuntu/workspace/2.PHP Control Flow/Loops/4.PrimesInRange/4.PrimesInRange.php:0
[24-Mar-2017 22:09:08 UTC] PHP   2. array_push() /home/ubuntu/workspace/2.PHP Control Flow/Loops/4.PrimesInRange/4.PrimesInRange.php:5
[24-Mar-2017 22:09:08 UTC] PHP Warning:  array_push() expects parameter 1 to be array, null given in /home/ubuntu/workspace/2.PHP Control Flow/Loops/4.PrimesInRange/4.PrimesInRange.php on line 5
[24-Mar-2017 22:09:08 UTC] PHP Stack trace:
[24-Mar-2017 22:09:08 UTC] PHP   1. {main}() /home/ubuntu/workspace/2.PHP Control Flow/Loops/4.PrimesInRange/4.PrimesInRange.php:0
[24-Mar-2017 22:09:08 UTC] PHP   2. array_push() /home/ubuntu/workspace/2.PHP Control Flow/Loops/4.PrimesInRange/4.PrimesInRange.php:5
[24-Mar-2017 22:10:35 UTC] PHP Warning:  array_push() expects parameter 1 to be array, null given in /home/ubuntu/workspace/2.PHP Control Flow/Loops/4.PrimesInRange/4.PrimesInRange.php on line 5
[24-Mar-2017 22:10:35 UTC] PHP Stack trace:
[24-Mar-2017 22:10:35 UTC] PHP   1. {main}() /home/ubuntu/workspace/2.PHP Control Flow/Loops/4.PrimesInRange/4.PrimesInRange.php:0
[24-Mar-2017 22:10:35 UTC] PHP   2. array_push() /home/ubuntu/workspace/2.PHP Control Flow/Loops/4.PrimesInRange/4.PrimesInRange.php:5
[24-Mar-2017 22:10:35 UTC] PHP Warning:  array_push() expects parameter 1 to be array, null given in /home/ubuntu/workspace/2.PHP Control Flow/Loops/4.PrimesInRange/4.PrimesInRange.php on line 5
[24-Mar-2017 22:10:35 UTC] PHP Stack trace:
[24-Mar-2017 22:10:35 UTC] PHP   1. {main}() /home/ubuntu/workspace/2.PHP Control Flow/Loops/4.PrimesInRange/4.PrimesInRange.php:0
[24-Mar-2017 22:10:35 UTC] PHP   2. array_push() /home/ubuntu/workspace/2.PHP Control Flow/Loops/4.PrimesInRange/4.PrimesInRange.php:5
[24-Mar-2017 22:10:35 UTC] PHP Warning:  array_push() expects parameter 1 to be array, null given in /home/ubuntu/workspace/2.PHP Control Flow/Loops/4.PrimesInRange/4.PrimesInRange.php on line 5
[24-Mar-2017 22:10:35 UTC] PHP Stack trace:
[24-Mar-2017 22:10:35 UTC] PHP   1. {main}() /home/ubuntu/workspace/2.PHP Control Flow/Loops/4.PrimesInRange/4.PrimesInRange.php:0
[24-Mar-2017 22:10:35 UTC] PHP   2. array_push() /home/ubuntu/workspace/2.PHP Control Flow/Loops/4.PrimesInRange/4.PrimesInRange.php:5
[24-Mar-2017 22:10:35 UTC] PHP Warning:  array_push() expects parameter 1 to be array, null given in /home/ubuntu/workspace/2.PHP Control Flow/Loops/4.PrimesInRange/4.PrimesInRange.php on line 5
[24-Mar-2017 22:10:35 UTC] PHP Stack trace:
[24-Mar-2017 22:10:35 UTC] PHP   1. {main}() /home/ubuntu/workspace/2.PHP Control Flow/Loops/4.PrimesInRange/4.PrimesInRange.php:0
[24-Mar-2017 22:10:35 UTC] PHP   2. array_push() /home/ubuntu/workspace/2.PHP Control Flow/Loops/4.PrimesInRange/4.PrimesInRange.php:5
[24-Mar-2017 22:10:35 UTC] PHP Warning:  array_push() expects parameter 1 to be array, null given in /home/ubuntu/workspace/2.PHP Control Flow/Loops/4.PrimesInRange/4.PrimesInRange.php on line 5
[24-Mar-2017 22:10:35 UTC] PHP Stack trace:
[24-Mar-2017 22:10:35 UTC] PHP   1. {main}() /home/ubuntu/workspace/2.PHP Control Flow/Loops/4.PrimesInRange/4.PrimesInRange.php:0
[24-Mar-2017 22:10:35 UTC] PHP   2. array_push() /home/ubuntu/workspace/2.PHP Control Flow/Loops/4.PrimesInRange/4.PrimesInRange.php:5
[24-Mar-2017 22:10:35 UTC] PHP Warning:  array_push() expects parameter 1 to be array, null given in /home/ubuntu/workspace/2.PHP Control Flow/Loops/4.PrimesInRange/4.PrimesInRange.php on line 5
[24-Mar-2017 22:10:35 UTC] PHP Stack trace:
[24-Mar-2017 22:10:35 UTC] PHP   1. {main}() /home/ubuntu/workspace/2.PHP Control Flow/Loops/4.PrimesInRange/4.PrimesInRange.php:0
[24-Mar-2017 22:10:35 UTC] PHP   2. array_push() /home/ubuntu/workspace/2.PHP Control Flow/Loops/4.PrimesInRange/4.PrimesInRange.php:5
[24-Mar-2017 22:10:35 UTC] PHP Warning:  array_push() expects parameter 1 to be array, null given in /home/ubuntu/workspace/2.PHP Control Flow/Loops/4.PrimesInRange/4.PrimesInRange.php on line 5
[24-Mar-2017 22:10:35 UTC] PHP Stack trace:
[24-Mar-2017 22:10:35 UTC] PHP   1. {main}() /home/ubuntu/workspace/2.PHP Control Flow/Loops/4.PrimesInRange/4.PrimesInRange.php:0
[24-Mar-2017 22:10:35 UTC] PHP   2. array_push() /home/ubuntu/workspace/2.PHP Control Flow/Loops/4.PrimesInRange/4.PrimesInRange.php:5
[24-Mar-2017 22:10:35 UTC] PHP Warning:  array_push() expects parameter 1 to be array, null given in /home/ubuntu/workspace/2.PHP Control Flow/Loops/4.PrimesInRange/4.PrimesInRange.php on line 5
[24-Mar-2017 22:10:35 UTC] PHP Stack trace:
[24-Mar-2017 22:10:35 UTC] PHP   1. {main}() /home/ubuntu/workspace/2.PHP Control Flow/Loops/4.PrimesInRange/4.PrimesInRange.php:0
[24-Mar-2017 22:10:35 UTC] PHP   2. array_push() /home/ubuntu/workspace/2.PHP Control Flow/Loops/4.PrimesInRange/4.PrimesInRange.php:5
[24-Mar-2017 22:10:35 UTC] PHP Warning:  array_push() expects parameter 1 to be array, null given in /home/ubuntu/workspace/2.PHP Control Flow/Loops/4.PrimesInRange/4.PrimesInRange.php on line 5
[24-Mar-2017 22:10:35 UTC] PHP Stack trace:
[24-Mar-2017 22:10:35 UTC] PHP   1. {main}() /home/ubuntu/workspace/2.PHP Control Flow/Loops/4.PrimesInRange/4.PrimesInRange.php:0
[24-Mar-2017 22:10:35 UTC] PHP   2. array_push() /home/ubuntu/workspace/2.PHP Control Flow/Loops/4.PrimesInRange/4.PrimesInRange.php:5
[24-Mar-2017 22:10:35 UTC] PHP Warning:  array_push() expects parameter 1 to be array, null given in /home/ubuntu/workspace/2.PHP Control Flow/Loops/4.PrimesInRange/4.PrimesInRange.php on line 5
[24-Mar-2017 22:10:35 UTC] PHP Stack trace:
[24-Mar-2017 22:10:35 UTC] PHP   1. {main}() /home/ubuntu/workspace/2.PHP Control Flow/Loops/4.PrimesInRange/4.PrimesInRange.php:0
[24-Mar-2017 22:10:35 UTC] PHP   2. array_push() /home/ubuntu/workspace/2.PHP Control Flow/Loops/4.PrimesInRange/4.PrimesInRange.php:5
[24-Mar-2017 22:10:35 UTC] PHP Warning:  array_push() expects parameter 1 to be array, null given in /home/ubuntu/workspace/2.PHP Control Flow/Loops/4.PrimesInRange/4.PrimesInRange.php on line 5
[24-Mar-2017 22:10:35 UTC] PHP Stack trace:
[24-Mar-2017 22:10:35 UTC] PHP   1. {main}() /home/ubuntu/workspace/2.PHP Control Flow/Loops/4.PrimesInRange/4.PrimesInRange.php:0
[24-Mar-2017 22:10:35 UTC] PHP   2. array_push() /home/ubuntu/workspace/2.PHP Control Flow/Loops/4.PrimesInRange/4.PrimesInRange.php:5
[24-Mar-2017 22:10:35 UTC] PHP Warning:  array_push() expects parameter 1 to be array, null given in /home/ubuntu/workspace/2.PHP Control Flow/Loops/4.PrimesInRange/4.PrimesInRange.php on line 5
[24-Mar-2017 22:10:35 UTC] PHP Stack trace:
[24-Mar-2017 22:10:35 UTC] PHP   1. {main}() /home/ubuntu/workspace/2.PHP Control Flow/Loops/4.PrimesInRange/4.PrimesInRange.php:0
[24-Mar-2017 22:10:35 UTC] PHP   2. array_push() /home/ubuntu/workspace/2.PHP Control Flow/Loops/4.PrimesInRange/4.PrimesInRange.php:5
[24-Mar-2017 22:10:35 UTC] PHP Warning:  array_push() expects parameter 1 to be array, null given in /home/ubuntu/workspace/2.PHP Control Flow/Loops/4.PrimesInRange/4.PrimesInRange.php on line 5
[24-Mar-2017 22:10:35 UTC] PHP Stack trace:
[24-Mar-2017 22:10:35 UTC] PHP   1. {main}() /home/ubuntu/workspace/2.PHP Control Flow/Loops/4.PrimesInRange/4.PrimesInRange.php:0
[24-Mar-2017 22:10:35 UTC] PHP   2. array_push() /home/ubuntu/workspace/2.PHP Control Flow/Loops/4.PrimesInRange/4.PrimesInRange.php:5
[24-Mar-2017 22:10:35 UTC] PHP Warning:  array_push() expects parameter 1 to be array, null given in /home/ubuntu/workspace/2.PHP Control Flow/Loops/4.PrimesInRange/4.PrimesInRange.php on line 5
[24-Mar-2017 22:10:35 UTC] PHP Stack trace:
[24-Mar-2017 22:10:35 UTC] PHP   1. {main}() /home/ubuntu/workspace/2.PHP Control Flow/Loops/4.PrimesInRange/4.PrimesInRange.php:0
[24-Mar-2017 22:10:35 UTC] PHP   2. array_push() /home/ubuntu/workspace/2.PHP Control Flow/Loops/4.PrimesInRange/4.PrimesInRange.php:5
[24-Mar-2017 22:10:35 UTC] PHP Warning:  array_push() expects parameter 1 to be array, null given in /home/ubuntu/workspace/2.PHP Control Flow/Loops/4.PrimesInRange/4.PrimesInRange.php on line 5
[24-Mar-2017 22:10:35 UTC] PHP Stack trace:
[24-Mar-2017 22:10:35 UTC] PHP   1. {main}() /home/ubuntu/workspace/2.PHP Control Flow/Loops/4.PrimesInRange/4.PrimesInRange.php:0
[24-Mar-2017 22:10:35 UTC] PHP   2. array_push() /home/ubuntu/workspace/2.PHP Control Flow/Loops/4.PrimesInRange/4.PrimesInRange.php:5
[24-Mar-2017 22:10:35 UTC] PHP Warning:  array_push() expects parameter 1 to be array, null given in /home/ubuntu/workspace/2.PHP Control Flow/Loops/4.PrimesInRange/4.PrimesInRange.php on line 5
[24-Mar-2017 22:10:35 UTC] PHP Stack trace:
[24-Mar-2017 22:10:35 UTC] PHP   1. {main}() /home/ubuntu/workspace/2.PHP Control Flow/Loops/4.PrimesInRange/4.PrimesInRange.php:0
[24-Mar-2017 22:10:35 UTC] PHP   2. array_push() /home/ubuntu/workspace/2.PHP Control Flow/Loops/4.PrimesInRange/4.PrimesInRange.php:5
[24-Mar-2017 22:10:35 UTC] PHP Warning:  Invalid argument supplied for foreach() in /home/ubuntu/workspace/2.PHP Control Flow/Loops/4.PrimesInRange/4.PrimesInRange_frontend.php on line 20
[24-Mar-2017 22:10:35 UTC] PHP Stack trace:
[24-Mar-2017 22:10:35 UTC] PHP   1. {main}() /home/ubuntu/workspace/2.PHP Control Flow/Loops/4.PrimesInRange/4.PrimesInRange.php:0
[24-Mar-2017 22:10:35 UTC] PHP   2. include() /home/ubuntu/workspace/2.PHP Control Flow/Loops/4.PrimesInRange/4.PrimesInRange.php:8
[24-Mar-2017 22:10:48 UTC] PHP Warning:  array_push() expects parameter 1 to be array, null given in /home/ubuntu/workspace/2.PHP Control Flow/Loops/4.PrimesInRange/4.PrimesInRange.php on line 5
[24-Mar-2017 22:10:48 UTC] PHP Stack trace:
[24-Mar-2017 22:10:48 UTC] PHP   1. {main}() /home/ubuntu/workspace/2.PHP Control Flow/Loops/4.PrimesInRange/4.PrimesInRange.php:0
[24-Mar-2017 22:10:48 UTC] PHP   2. array_push() /home/ubuntu/workspace/2.PHP Control Flow/Loops/4.PrimesInRange/4.PrimesInRange.php:5
[24-Mar-2017 22:10:48 UTC] PHP Warning:  array_push() expects parameter 1 to be array, null given in /home/ubuntu/workspace/2.PHP Control Flow/Loops/4.PrimesInRange/4.PrimesInRange.php on line 5
[24-Mar-2017 22:10:48 UTC] PHP Stack trace:
[24-Mar-2017 22:10:48 UTC] PHP   1. {main}() /home/ubuntu/workspace/2.PHP Control Flow/Loops/4.PrimesInRange/4.PrimesInRange.php:0
[24-Mar-2017 22:10:48 UTC] PHP   2. array_push() /home/ubuntu/workspace/2.PHP Control Flow/Loops/4.PrimesInRange/4.PrimesInRange.php:5
[24-Mar-2017 22:10:48 UTC] PHP Warning:  array_push() expects parameter 1 to be array, null given in /home/ubuntu/workspace/2.PHP Control Flow/Loops/4.PrimesInRange/4.PrimesInRange.php on line 5
[24-Mar-2017 22:10:48 UTC] PHP Stack trace:
[24-Mar-2017 22:10:48 UTC] PHP   1. {main}() /home/ubuntu/workspace/2.PHP Control Flow/Loops/4.PrimesInRange/4.PrimesInRange.php:0
[24-Mar-2017 22:10:48 UTC] PHP   2. array_push() /home/ubuntu/workspace/2.PHP Control Flow/Loops/4.PrimesInRange/4.PrimesInRange.php:5
[24-Mar-2017 22:10:48 UTC] PHP Warning:  array_push() expects parameter 1 to be array, null given in /home/ubuntu/workspace/2.PHP Control Flow/Loops/4.PrimesInRange/4.PrimesInRange.php on line 5
[24-Mar-2017 22:10:48 UTC] PHP Stack trace:
[24-Mar-2017 22:10:48 UTC] PHP   1. {main}() /home/ubuntu/workspace/2.PHP Control Flow/Loops/4.PrimesInRange/4.PrimesInRange.php:0
[24-Mar-2017 22:10:48 UTC] PHP   2. array_push() /home/ubuntu/workspace/2.PHP Control Flow/Loops/4.PrimesInRange/4.PrimesInRange.php:5
[24-Mar-2017 22:10:48 UTC] PHP Warning:  array_push() expects parameter 1 to be array, null given in /home/ubuntu/workspace/2.PHP Control Flow/Loops/4.PrimesInRange/4.PrimesInRange.php on line 5
[24-Mar-2017 22:10:48 UTC] PHP Stack trace:
[24-Mar-2017 22:10:48 UTC] PHP   1. {main}() /home/ubuntu/workspace/2.PHP Control Flow/Loops/4.PrimesInRange/4.PrimesInRange.php:0
[24-Mar-2017 22:10:48 UTC] PHP   2. array_push() /home/ubuntu/workspace/2.PHP Control Flow/Loops/4.PrimesInRange/4.PrimesInRange.php:5
[24-Mar-2017 22:10:48 UTC] PHP Warning:  array_push() expects parameter 1 to be array, null given in /home/ubuntu/workspace/2.PHP Control Flow/Loops/4.PrimesInRange/4.PrimesInRange.php on line 5
[24-Mar-2017 22:10:48 UTC] PHP Stack trace:
[24-Mar-2017 22:10:48 UTC] PHP   1. {main}() /home/ubuntu/workspace/2.PHP Control Flow/Loops/4.PrimesInRange/4.PrimesInRange.php:0
[24-Mar-2017 22:10:48 UTC] PHP   2. array_push() /home/ubuntu/workspace/2.PHP Control Flow/Loops/4.PrimesInRange/4.PrimesInRange.php:5
[24-Mar-2017 22:10:48 UTC] PHP Warning:  array_push() expects parameter 1 to be array, null given in /home/ubuntu/workspace/2.PHP Control Flow/Loops/4.PrimesInRange/4.PrimesInRange.php on line 5
[24-Mar-2017 22:10:48 UTC] PHP Stack trace:
[24-Mar-2017 22:10:48 UTC] PHP   1. {main}() /home/ubuntu/workspace/2.PHP Control Flow/Loops/4.PrimesInRange/4.PrimesInRange.php:0
[24-Mar-2017 22:10:48 UTC] PHP   2. array_push() /home/ubuntu/workspace/2.PHP Control Flow/Loops/4.PrimesInRange/4.PrimesInRange.php:5
[24-Mar-2017 22:10:48 UTC] PHP Warning:  array_push() expects parameter 1 to be array, null given in /home/ubuntu/workspace/2.PHP Control Flow/Loops/4.PrimesInRange/4.PrimesInRange.php on line 5
[24-Mar-2017 22:10:48 UTC] PHP Stack trace:
[24-Mar-2017 22:10:48 UTC] PHP   1. {main}() /home/ubuntu/workspace/2.PHP Control Flow/Loops/4.PrimesInRange/4.PrimesInRange.php:0
[24-Mar-2017 22:10:48 UTC] PHP   2. array_push() /home/ubuntu/workspace/2.PHP Control Flow/Loops/4.PrimesInRange/4.PrimesInRange.php:5
[24-Mar-2017 22:10:48 UTC] PHP Warning:  array_push() expects parameter 1 to be array, null given in /home/ubuntu/workspace/2.PHP Control Flow/Loops/4.PrimesInRange/4.PrimesInRange.php on line 5
[24-Mar-2017 22:10:48 UTC] PHP Stack trace:
[24-Mar-2017 22:10:48 UTC] PHP   1. {main}() /home/ubuntu/workspace/2.PHP Control Flow/Loops/4.PrimesInRange/4.PrimesInRange.php:0
[24-Mar-2017 22:10:48 UTC] PHP   2. array_push() /home/ubuntu/workspace/2.PHP Control Flow/Loops/4.PrimesInRange/4.PrimesInRange.php:5
[24-Mar-2017 22:10:48 UTC] PHP Warning:  array_push() expects parameter 1 to be array, null given in /home/ubuntu/workspace/2.PHP Control Flow/Loops/4.PrimesInRange/4.PrimesInRange.php on line 5
[24-Mar-2017 22:10:48 UTC] PHP Stack trace:
[24-Mar-2017 22:10:48 UTC] PHP   1. {main}() /home/ubuntu/workspace/2.PHP Control Flow/Loops/4.PrimesInRange/4.PrimesInRange.php:0
[24-Mar-2017 22:10:48 UTC] PHP   2. array_push() /home/ubuntu/workspace/2.PHP Control Flow/Loops/4.PrimesInRange/4.PrimesInRange.php:5
[24-Mar-2017 22:10:48 UTC] PHP Warning:  array_push() expects parameter 1 to be array, null given in /home/ubuntu/workspace/2.PHP Control Flow/Loops/4.PrimesInRange/4.PrimesInRange.php on line 5
[24-Mar-2017 22:10:48 UTC] PHP Stack trace:
[24-Mar-2017 22:10:48 UTC] PHP   1. {main}() /home/ubuntu/workspace/2.PHP Control Flow/Loops/4.PrimesInRange/4.PrimesInRange.php:0
[24-Mar-2017 22:10:48 UTC] PHP   2. array_push() /home/ubuntu/workspace/2.PHP Control Flow/Loops/4.PrimesInRange/4.PrimesInRange.php:5
[24-Mar-2017 22:10:48 UTC] PHP Warning:  array_push() expects parameter 1 to be array, null given in /home/ubuntu/workspace/2.PHP Control Flow/Loops/4.PrimesInRange/4.PrimesInRange.php on line 5
[24-Mar-2017 22:10:48 UTC] PHP Stack trace:
[24-Mar-2017 22:10:48 UTC] PHP   1. {main}() /home/ubuntu/workspace/2.PHP Control Flow/Loops/4.PrimesInRange/4.PrimesInRange.php:0
[24-Mar-2017 22:10:48 UTC] PHP   2. array_push() /home/ubuntu/workspace/2.PHP Control Flow/Loops/4.PrimesInRange/4.PrimesInRange.php:5
[24-Mar-2017 22:10:48 UTC] PHP Warning:  array_push() expects parameter 1 to be array, null given in /home/ubuntu/workspace/2.PHP Control Flow/Loops/4.PrimesInRange/4.PrimesInRange.php on line 5
[24-Mar-2017 22:10:48 UTC] PHP Stack trace:
[24-Mar-2017 22:10:48 UTC] PHP   1. {main}() /home/ubuntu/workspace/2.PHP Control Flow/Loops/4.PrimesInRange/4.PrimesInRange.php:0
[24-Mar-2017 22:10:48 UTC] PHP   2. array_push() /home/ubuntu/workspace/2.PHP Control Flow/Loops/4.PrimesInRange/4.PrimesInRange.php:5
[24-Mar-2017 22:10:48 UTC] PHP Warning:  array_push() expects parameter 1 to be array, null given in /home/ubuntu/workspace/2.PHP Control Flow/Loops/4.PrimesInRange/4.PrimesInRange.php on line 5
[24-Mar-2017 22:10:48 UTC] PHP Stack trace:
[24-Mar-2017 22:10:48 UTC] PHP   1. {main}() /home/ubuntu/workspace/2.PHP Control Flow/Loops/4.PrimesInRange/4.PrimesInRange.php:0
[24-Mar-2017 22:10:48 UTC] PHP   2. array_push() /home/ubuntu/workspace/2.PHP Control Flow/Loops/4.PrimesInRange/4.PrimesInRange.php:5
[24-Mar-2017 22:10:48 UTC] PHP Warning:  array_push() expects parameter 1 to be array, null given in /home/ubuntu/workspace/2.PHP Control Flow/Loops/4.PrimesInRange/4.PrimesInRange.php on line 5
[24-Mar-2017 22:10:48 UTC] PHP Stack trace:
[24-Mar-2017 22:10:48 UTC] PHP   1. {main}() /home/ubuntu/workspace/2.PHP Control Flow/Loops/4.PrimesInRange/4.PrimesInRange.php:0
[24-Mar-2017 22:10:48 UTC] PHP   2. array_push() /home/ubuntu/workspace/2.PHP Control Flow/Loops/4.PrimesInRange/4.PrimesInRange.php:5
[24-Mar-2017 22:10:48 UTC] PHP Warning:  array_push() expects parameter 1 to be array, null given in /home/ubuntu/workspace/2.PHP Control Flow/Loops/4.PrimesInRange/4.PrimesInRange.php on line 5
[24-Mar-2017 22:10:48 UTC] PHP Stack trace:
[24-Mar-2017 22:10:48 UTC] PHP   1. {main}() /home/ubuntu/workspace/2.PHP Control Flow/Loops/4.PrimesInRange/4.PrimesInRange.php:0
[24-Mar-2017 22:10:48 UTC] PHP   2. array_push() /home/ubuntu/workspace/2.PHP Control Flow/Loops/4.PrimesInRange/4.PrimesInRange.php:5
[24-Mar-2017 22:10:48 UTC] PHP Warning:  Invalid argument supplied for foreach() in /home/ubuntu/workspace/2.PHP Control Flow/Loops/4.PrimesInRange/4.PrimesInRange_frontend.php on line 20
[24-Mar-2017 22:10:48 UTC] PHP Stack trace:
[24-Mar-2017 22:10:48 UTC] PHP   1. {main}() /home/ubuntu/workspace/2.PHP Control Flow/Loops/4.PrimesInRange/4.PrimesInRange.php:0
[24-Mar-2017 22:10:48 UTC] PHP   2. include() /home/ubuntu/workspace/2.PHP Control Flow/Loops/4.PrimesInRange/4.PrimesInRange.php:8
[24-Mar-2017 22:40:41 UTC] PHP Parse error:  syntax error, unexpected '}', expecting ',' or ';' in /home/ubuntu/workspace/2.PHP Control Flow/Loops/5.SumOfDigits/5.SumOfDigits_frontend.php on line 16
[24-Mar-2017 22:40:41 UTC] PHP Stack trace:
[24-Mar-2017 22:40:41 UTC] PHP   1. {main}() /home/ubuntu/workspace/2.PHP Control Flow/Loops/5.SumOfDigits/5.SumOfDigits.php:0
[24-Mar-2017 22:56:05 UTC] PHP Parse error:  syntax error, unexpected '' (T_ENCAPSED_AND_WHITESPACE), expecting identifier (T_STRING) or variable (T_VARIABLE) or number (T_NUM_STRING) in /home/ubuntu/workspace/2.PHP Control Flow/Loops/6.ModifyString/6.ModifyString.php on line 7
[24-Mar-2017 22:56:46 UTC] PHP Parse error:  syntax error, unexpected '' (T_ENCAPSED_AND_WHITESPACE), expecting identifier (T_STRING) or variable (T_VARIABLE) or number (T_NUM_STRING) in /home/ubuntu/workspace/2.PHP Control Flow/Loops/6.ModifyString/6.ModifyString.php on line 7
[24-Mar-2017 22:56:48 UTC] PHP Parse error:  syntax error, unexpected '' (T_ENCAPSED_AND_WHITESPACE), expecting identifier (T_STRING) or variable (T_VARIABLE) or number (T_NUM_STRING) in /home/ubuntu/workspace/2.PHP Control Flow/Loops/6.ModifyString/6.ModifyString.php on line 7
[24-Mar-2017 22:57:17 UTC] PHP Parse error:  syntax error, unexpected '' (T_ENCAPSED_AND_WHITESPACE), expecting identifier (T_STRING) or variable (T_VARIABLE) or number (T_NUM_STRING) in /home/ubuntu/workspace/2.PHP Control Flow/Loops/6.ModifyString/6.ModifyString.php on line 7
[24-Mar-2017 22:57:19 UTC] PHP Parse error:  syntax error, unexpected '' (T_ENCAPSED_AND_WHITESPACE), expecting identifier (T_STRING) or variable (T_VARIABLE) or number (T_NUM_STRING) in /home/ubuntu/workspace/2.PHP Control Flow/Loops/6.ModifyString/6.ModifyString.php on line 7
[24-Mar-2017 22:58:14 UTC] PHP Parse error:  syntax error, unexpected '' (T_ENCAPSED_AND_WHITESPACE), expecting identifier (T_STRING) or variable (T_VARIABLE) or number (T_NUM_STRING) in /home/ubuntu/workspace/2.PHP Control Flow/Loops/6.ModifyString/6.ModifyString.php on line 9
[24-Mar-2017 23:20:37 UTC] PHP Fatal error:  Maximum execution time of 300 seconds exceeded in /home/ubuntu/workspace/2.PHP Control Flow/Loops/5.SumOfDigits/5.SumOfDigits.php on line 12
[24-Mar-2017 23:20:37 UTC] PHP Stack trace:
[24-Mar-2017 23:20:37 UTC] PHP   1. {main}() /home/ubuntu/workspace/2.PHP Control Flow/Loops/5.SumOfDigits/5.SumOfDigits.php:0
[24-Mar-2017 23:28:02 UTC] PHP Fatal error:  Maximum execution time of 300 seconds exceeded in /home/ubuntu/workspace/2.PHP Control Flow/Loops/5.SumOfDigits/5.SumOfDigits.php on line 11
[24-Mar-2017 23:28:02 UTC] PHP Stack trace:
[24-Mar-2017 23:28:02 UTC] PHP   1. {main}() /home/ubuntu/workspace/2.PHP Control Flow/Loops/5.SumOfDigits/5.SumOfDigits.php:0
[24-Mar-2017 23:37:46 UTC] PHP Fatal error:  Maximum execution time of 300 seconds exceeded in /home/ubuntu/workspace/2.PHP Control Flow/Loops/5.SumOfDigits/5.SumOfDigits.php on line 11
[24-Mar-2017 23:37:47 UTC] PHP Stack trace:
[24-Mar-2017 23:37:47 UTC] PHP   1. {main}() /home/ubuntu/workspace/2.PHP Control Flow/Loops/5.SumOfDigits/5.SumOfDigits.php:0
[24-Mar-2017 23:41:44 UTC] PHP Fatal error:  Maximum execution time of 300 seconds exceeded in /home/ubuntu/workspace/2.PHP Control Flow/Loops/5.SumOfDigits/5.SumOfDigits.php on line 11
[24-Mar-2017 23:41:44 UTC] PHP Stack trace:
[24-Mar-2017 23:41:44 UTC] PHP   1. {main}() /home/ubuntu/workspace/2.PHP Control Flow/Loops/5.SumOfDigits/5.SumOfDigits.php:0
[24-Mar-2017 23:43:02 UTC] PHP Fatal error:  Maximum execution time of 300 seconds exceeded in /home/ubuntu/workspace/2.PHP Control Flow/Loops/5.SumOfDigits/5.SumOfDigits.php on line 11
[24-Mar-2017 23:43:02 UTC] PHP Stack trace:
[24-Mar-2017 23:43:02 UTC] PHP   1. {main}() /home/ubuntu/workspace/2.PHP Control Flow/Loops/5.SumOfDigits/5.SumOfDigits.php:0
[24-Mar-2017 23:44:17 UTC] PHP Fatal error:  Maximum execution time of 300 seconds exceeded in /home/ubuntu/workspace/2.PHP Control Flow/Loops/5.SumOfDigits/5.SumOfDigits.php on line 11
[24-Mar-2017 23:44:17 UTC] PHP Stack trace:
[24-Mar-2017 23:44:17 UTC] PHP   1. {main}() /home/ubuntu/workspace/2.PHP Control Flow/Loops/5.SumOfDigits/5.SumOfDigits.php:0
[24-Mar-2017 23:44:19 UTC] PHP Fatal error:  Maximum execution time of 300 seconds exceeded in /home/ubuntu/workspace/2.PHP Control Flow/Loops/5.SumOfDigits/5.SumOfDigits.php on line 11
[24-Mar-2017 23:44:19 UTC] PHP Stack trace:
[24-Mar-2017 23:44:19 UTC] PHP   1. {main}() /home/ubuntu/workspace/2.PHP Control Flow/Loops/5.SumOfDigits/5.SumOfDigits.php:0
[25-Mar-2017 00:25:34 UTC] PHP Parse error:  syntax error, unexpected '$firstName' (T_VARIABLE), expecting function (T_FUNCTION) in /home/ubuntu/workspace/2.PHP Control Flow/Loops/7.StudentSorting/7.StudentSorting.php on line 3
[25-Mar-2017 00:26:10 UTC] PHP Parse error:  syntax error, unexpected '$firstName' (T_VARIABLE), expecting function (T_FUNCTION) in /home/ubuntu/workspace/2.PHP Control Flow/Loops/7.StudentSorting/7.StudentSorting.php on line 3
[25-Mar-2017 00:26:45 UTC] PHP Parse error:  syntax error, unexpected '$secondName' (T_VARIABLE), expecting function (T_FUNCTION) in /home/ubuntu/workspace/2.PHP Control Flow/Loops/7.StudentSorting/7.StudentSorting.php on line 4
[25-Mar-2017 00:57:21 UTC] PHP Parse error:  syntax error, unexpected '(', expecting variable (T_VARIABLE) or '$' in /home/ubuntu/workspace/2.PHP Control Flow/Loops/7.StudentSorting/7.StudentSorting_frontend.php on line 83
[25-Mar-2017 00:57:21 UTC] PHP Stack trace:
[25-Mar-2017 00:57:21 UTC] PHP   1. {main}() /home/ubuntu/workspace/2.PHP Control Flow/Loops/7.StudentSorting/7.StudentSorting.php:0
[25-Mar-2017 00:57:37 UTC] PHP Parse error:  syntax error, unexpected '(', expecting variable (T_VARIABLE) or '$' in /home/ubuntu/workspace/2.PHP Control Flow/Loops/7.StudentSorting/7.StudentSorting_frontend.php on line 83
[25-Mar-2017 00:57:37 UTC] PHP Stack trace:
[25-Mar-2017 00:57:37 UTC] PHP   1. {main}() /home/ubuntu/workspace/2.PHP Control Flow/Loops/7.StudentSorting/7.StudentSorting.php:0
[25-Mar-2017 01:02:04 UTC] PHP Parse error:  syntax error, unexpected '}', expecting ',' or ';' in /home/ubuntu/workspace/2.PHP Control Flow/Loops/7.StudentSorting/7.StudentSorting_frontend.php on line 93
[25-Mar-2017 01:02:04 UTC] PHP Stack trace:
[25-Mar-2017 01:02:04 UTC] PHP   1. {main}() /home/ubuntu/workspace/2.PHP Control Flow/Loops/7.StudentSorting/7.StudentSorting.php:0
[25-Mar-2017 01:04:18 UTC] PHP Warning:  usort() expects parameter 1 to be array, null given in /home/ubuntu/workspace/2.PHP Control Flow/Loops/7.StudentSorting/7.StudentSorting.php on line 60
[25-Mar-2017 01:04:18 UTC] PHP Stack trace:
[25-Mar-2017 01:04:18 UTC] PHP   1. {main}() /home/ubuntu/workspace/2.PHP Control Flow/Loops/7.StudentSorting/7.StudentSorting.php:0
[25-Mar-2017 01:04:18 UTC] PHP   2. usort() /home/ubuntu/workspace/2.PHP Control Flow/Loops/7.StudentSorting/7.StudentSorting.php:60
[25-Mar-2017 01:06:06 UTC] PHP Parse error:  syntax error, unexpected ')' in /home/ubuntu/workspace/2.PHP Control Flow/Loops/7.StudentSorting/7.StudentSorting.php on line 52
[25-Mar-2017 01:06:17 UTC] PHP Warning:  usort() expects parameter 1 to be array, null given in /home/ubuntu/workspace/2.PHP Control Flow/Loops/7.StudentSorting/7.StudentSorting.php on line 60
[25-Mar-2017 01:06:17 UTC] PHP Stack trace:
[25-Mar-2017 01:06:17 UTC] PHP   1. {main}() /home/ubuntu/workspace/2.PHP Control Flow/Loops/7.StudentSorting/7.StudentSorting.php:0
[25-Mar-2017 01:06:17 UTC] PHP   2. usort() /home/ubuntu/workspace/2.PHP Control Flow/Loops/7.StudentSorting/7.StudentSorting.php:60
[25-Mar-2017 01:06:56 UTC] PHP Warning:  usort() expects parameter 1 to be array, null given in /home/ubuntu/workspace/2.PHP Control Flow/Loops/7.StudentSorting/7.StudentSorting.php on line 60
[25-Mar-2017 01:06:56 UTC] PHP Stack trace:
[25-Mar-2017 01:06:56 UTC] PHP   1. {main}() /home/ubuntu/workspace/2.PHP Control Flow/Loops/7.StudentSorting/7.StudentSorting.php:0
[25-Mar-2017 01:06:56 UTC] PHP   2. usort() /home/ubuntu/workspace/2.PHP Control Flow/Loops/7.StudentSorting/7.StudentSorting.php:60
